<?xml version="1.0" encoding="UTF-8"?>
<testng-results ignored="0" total="11" passed="10" failed="1" skipped="0">
  <reporter-output>
  </reporter-output>
  <suite started-at="2023-04-22T15:22:20 GST" name="Suite" finished-at="2023-04-22T15:24:14 GST" duration-ms="114583">
    <groups>
      <group name="smoke">
        <method signature="ManageSliderTest.addLinkToManageSlider()[pri:0, instance:sevenrmartSupermarket.Testscripts.ManageSliderTest@4a9419d7]" name="addLinkToManageSlider" class="sevenrmartSupermarket.Testscripts.ManageSliderTest"/>
        <method signature="ManageSliderTest.veriftClickingHomeButtonFromListSliderPage()[pri:0, instance:sevenrmartSupermarket.Testscripts.ManageSliderTest@4a9419d7]" name="veriftClickingHomeButtonFromListSliderPage" class="sevenrmartSupermarket.Testscripts.ManageSliderTest"/>
      </group> <!-- smoke -->
    </groups>
    <test started-at="2023-04-22T15:22:20 GST" name="Test" finished-at="2023-04-22T15:24:14 GST" duration-ms="114583">
      <class name="sevenrmartSupermarket.Testscripts.LoginTest">
        <test-method is-config="true" signature="initilizeBrowser(java.lang.String)[pri:0, instance:sevenrmartSupermarket.Testscripts.LoginTest@512baff6]" started-at="2023-04-22T15:22:20 GST" name="initilizeBrowser" finished-at="2023-04-22T15:22:23 GST" duration-ms="3645" status="PASS">
          <params>
            <param index="0">
              <value>
                <![CDATA[chrome]]>
              </value>
            </param>
          </params>
          <reporter-output>
          </reporter-output>
        </test-method> <!-- initilizeBrowser -->
        <test-method signature="loginDetails()[pri:0, instance:sevenrmartSupermarket.Testscripts.LoginTest@512baff6]" started-at="2023-04-22T15:22:23 GST" name="loginDetails" finished-at="2023-04-22T15:22:25 GST" duration-ms="1430" status="PASS">
          <reporter-output>
          </reporter-output>
        </test-method> <!-- loginDetails -->
        <test-method is-config="true" signature="browserQuit(org.testng.ITestResult)[pri:0, instance:sevenrmartSupermarket.Testscripts.LoginTest@512baff6]" started-at="2023-04-22T15:22:25 GST" name="browserQuit" finished-at="2023-04-22T15:22:25 GST" duration-ms="229" status="PASS">
          <params>
            <param index="0">
              <value>
                <![CDATA[[TestResult name=loginDetails status=SUCCESS method=LoginTest.loginDetails()[pri:0, instance:sevenrmartSupermarket.Testscripts.LoginTest@512baff6] output={null}]]]>
              </value>
            </param>
          </params>
          <reporter-output>
          </reporter-output>
        </test-method> <!-- browserQuit -->
        <test-method is-config="true" signature="initilizeBrowser(java.lang.String)[pri:0, instance:sevenrmartSupermarket.Testscripts.LoginTest@512baff6]" started-at="2023-04-22T15:22:25 GST" name="initilizeBrowser" finished-at="2023-04-22T15:22:27 GST" duration-ms="2389" status="PASS">
          <params>
            <param index="0">
              <value>
                <![CDATA[chrome]]>
              </value>
            </param>
          </params>
          <reporter-output>
          </reporter-output>
        </test-method> <!-- initilizeBrowser -->
        <test-method signature="verifyLogout()[pri:0, instance:sevenrmartSupermarket.Testscripts.LoginTest@512baff6]" started-at="2023-04-22T15:22:27 GST" name="verifyLogout" finished-at="2023-04-22T15:22:29 GST" duration-ms="1173" status="PASS">
          <reporter-output>
          </reporter-output>
        </test-method> <!-- verifyLogout -->
        <test-method is-config="true" signature="browserQuit(org.testng.ITestResult)[pri:0, instance:sevenrmartSupermarket.Testscripts.LoginTest@512baff6]" started-at="2023-04-22T15:22:29 GST" name="browserQuit" finished-at="2023-04-22T15:22:29 GST" duration-ms="242" status="PASS">
          <params>
            <param index="0">
              <value>
                <![CDATA[[TestResult name=verifyLogout status=SUCCESS method=LoginTest.verifyLogout()[pri:0, instance:sevenrmartSupermarket.Testscripts.LoginTest@512baff6] output={null}]]]>
              </value>
            </param>
          </params>
          <reporter-output>
          </reporter-output>
        </test-method> <!-- browserQuit -->
        <test-method is-config="true" signature="initilizeBrowser(java.lang.String)[pri:0, instance:sevenrmartSupermarket.Testscripts.LoginTest@512baff6]" started-at="2023-04-22T15:22:29 GST" name="initilizeBrowser" finished-at="2023-04-22T15:22:31 GST" duration-ms="2475" status="PASS">
          <params>
            <param index="0">
              <value>
                <![CDATA[chrome]]>
              </value>
            </param>
          </params>
          <reporter-output>
          </reporter-output>
        </test-method> <!-- initilizeBrowser -->
        <test-method signature="verify_login_with_Credentials(java.lang.String,java.lang.String)[pri:0, instance:sevenrmartSupermarket.Testscripts.LoginTest@512baff6]" started-at="2023-04-22T15:22:31 GST" name="verify_login_with_Credentials" data-provider="LoginProvider" finished-at="2023-04-22T15:22:32 GST" duration-ms="833" status="PASS">
          <params>
            <param index="0">
              <value>
                <![CDATA[admin]]>
              </value>
            </param>
            <param index="1">
              <value>
                <![CDATA[admin]]>
              </value>
            </param>
          </params>
          <reporter-output>
          </reporter-output>
        </test-method> <!-- verify_login_with_Credentials -->
        <test-method is-config="true" signature="browserQuit(org.testng.ITestResult)[pri:0, instance:sevenrmartSupermarket.Testscripts.LoginTest@512baff6]" started-at="2023-04-22T15:22:32 GST" name="browserQuit" finished-at="2023-04-22T15:22:32 GST" duration-ms="301" status="PASS">
          <params>
            <param index="0">
              <value>
                <![CDATA[[TestResult name=verify_login_with_Credentials status=SUCCESS method=LoginTest.verify_login_with_Credentials(java.lang.String,java.lang.String)[pri:0, instance:sevenrmartSupermarket.Testscripts.LoginTest@512baff6] output={null}]]]>
              </value>
            </param>
          </params>
          <reporter-output>
          </reporter-output>
        </test-method> <!-- browserQuit -->
      </class> <!-- sevenrmartSupermarket.Testscripts.LoginTest -->
      <class name="sevenrmartSupermarket.Testscripts.ManageLocationTest">
        <test-method is-config="true" signature="initilizeBrowser(java.lang.String)[pri:0, instance:sevenrmartSupermarket.Testscripts.ManageLocationTest@f31c0c6]" started-at="2023-04-22T15:22:39 GST" name="initilizeBrowser" finished-at="2023-04-22T15:22:45 GST" duration-ms="6328" status="PASS">
          <params>
            <param index="0">
              <value>
                <![CDATA[chrome]]>
              </value>
            </param>
          </params>
          <reporter-output>
          </reporter-output>
        </test-method> <!-- initilizeBrowser -->
        <test-method signature="cancelInManageLocation()[pri:0, instance:sevenrmartSupermarket.Testscripts.ManageLocationTest@f31c0c6]" started-at="2023-04-22T15:22:45 GST" name="cancelInManageLocation" finished-at="2023-04-22T15:22:58 GST" duration-ms="12512" status="PASS">
          <reporter-output>
          </reporter-output>
        </test-method> <!-- cancelInManageLocation -->
        <test-method is-config="true" signature="browserQuit(org.testng.ITestResult)[pri:0, instance:sevenrmartSupermarket.Testscripts.ManageLocationTest@f31c0c6]" started-at="2023-04-22T15:22:58 GST" name="browserQuit" finished-at="2023-04-22T15:22:58 GST" duration-ms="455" status="PASS">
          <params>
            <param index="0">
              <value>
                <![CDATA[[TestResult name=cancelInManageLocation status=SUCCESS method=ManageLocationTest.cancelInManageLocation()[pri:0, instance:sevenrmartSupermarket.Testscripts.ManageLocationTest@f31c0c6] output={null}]]]>
              </value>
            </param>
          </params>
          <reporter-output>
          </reporter-output>
        </test-method> <!-- browserQuit -->
        <test-method is-config="true" signature="initilizeBrowser(java.lang.String)[pri:0, instance:sevenrmartSupermarket.Testscripts.ManageLocationTest@f31c0c6]" started-at="2023-04-22T15:22:58 GST" name="initilizeBrowser" finished-at="2023-04-22T15:23:08 GST" duration-ms="9158" status="PASS">
          <params>
            <param index="0">
              <value>
                <![CDATA[chrome]]>
              </value>
            </param>
          </params>
          <reporter-output>
          </reporter-output>
        </test-method> <!-- initilizeBrowser -->
        <test-method signature="resetInManageLocation()[pri:0, instance:sevenrmartSupermarket.Testscripts.ManageLocationTest@f31c0c6]" started-at="2023-04-22T15:23:08 GST" name="resetInManageLocation" finished-at="2023-04-22T15:23:11 GST" duration-ms="3691" status="PASS">
          <reporter-output>
          </reporter-output>
        </test-method> <!-- resetInManageLocation -->
        <test-method is-config="true" signature="browserQuit(org.testng.ITestResult)[pri:0, instance:sevenrmartSupermarket.Testscripts.ManageLocationTest@f31c0c6]" started-at="2023-04-22T15:23:11 GST" name="browserQuit" finished-at="2023-04-22T15:23:12 GST" duration-ms="304" status="PASS">
          <params>
            <param index="0">
              <value>
                <![CDATA[[TestResult name=resetInManageLocation status=SUCCESS method=ManageLocationTest.resetInManageLocation()[pri:0, instance:sevenrmartSupermarket.Testscripts.ManageLocationTest@f31c0c6] output={null}]]]>
              </value>
            </param>
          </params>
          <reporter-output>
          </reporter-output>
        </test-method> <!-- browserQuit -->
        <test-method is-config="true" signature="initilizeBrowser(java.lang.String)[pri:0, instance:sevenrmartSupermarket.Testscripts.ManageLocationTest@f31c0c6]" started-at="2023-04-22T15:23:12 GST" name="initilizeBrowser" finished-at="2023-04-22T15:23:18 GST" duration-ms="6186" status="PASS">
          <params>
            <param index="0">
              <value>
                <![CDATA[chrome]]>
              </value>
            </param>
          </params>
          <reporter-output>
          </reporter-output>
        </test-method> <!-- initilizeBrowser -->
        <test-method signature="addNewLocationToManageLocation()[pri:1, instance:sevenrmartSupermarket.Testscripts.ManageLocationTest@f31c0c6]" started-at="2023-04-22T15:23:18 GST" name="addNewLocationToManageLocation" finished-at="2023-04-22T15:23:24 GST" duration-ms="6432" status="FAIL">
          <exception class="org.openqa.selenium.InvalidArgumentException">
            <message>
              <![CDATA[invalid argument
  (Session info: chrome=112.0.5615.121)
Build info: version: '4.8.3', revision: 'e5e76298c3'
System info: os.name: 'Windows 11', os.arch: 'amd64', os.version: '10.0', java.version: '17.0.6'
Driver info: org.openqa.selenium.chrome.ChromeDriver
Command: [921a8968285a2facb99151eeef29ed6c, get {url=searchpagelocation}]
Capabilities {acceptInsecureCerts: false, browserName: chrome, browserVersion: 112.0.5615.121, chrome: {chromedriverVersion: 112.0.5615.49 (bd2a7bcb881c..., userDataDir: C:\Users\PROJECTS\AppData\L...}, goog:chromeOptions: {debuggerAddress: localhost:50359}, networkConnectionEnabled: false, pageLoadStrategy: normal, platformName: WINDOWS, proxy: Proxy(), se:cdp: ws://localhost:50359/devtoo..., se:cdpVersion: 112.0.5615.121, setWindowRect: true, strictFileInteractability: false, timeouts: {implicit: 0, pageLoad: 300000, script: 30000}, unhandledPromptBehavior: dismiss and notify, webauthn:extension:credBlob: true, webauthn:extension:largeBlob: true, webauthn:extension:minPinLength: true, webauthn:extension:prf: true, webauthn:virtualAuthenticators: true}
Session ID: 921a8968285a2facb99151eeef29ed6c]]>
            </message>
            <full-stacktrace>
              <![CDATA[org.openqa.selenium.InvalidArgumentException: invalid argument
  (Session info: chrome=112.0.5615.121)
Build info: version: '4.8.3', revision: 'e5e76298c3'
System info: os.name: 'Windows 11', os.arch: 'amd64', os.version: '10.0', java.version: '17.0.6'
Driver info: org.openqa.selenium.chrome.ChromeDriver
Command: [921a8968285a2facb99151eeef29ed6c, get {url=searchpagelocation}]
Capabilities {acceptInsecureCerts: false, browserName: chrome, browserVersion: 112.0.5615.121, chrome: {chromedriverVersion: 112.0.5615.49 (bd2a7bcb881c..., userDataDir: C:\Users\PROJECTS\AppData\L...}, goog:chromeOptions: {debuggerAddress: localhost:50359}, networkConnectionEnabled: false, pageLoadStrategy: normal, platformName: WINDOWS, proxy: Proxy(), se:cdp: ws://localhost:50359/devtoo..., se:cdpVersion: 112.0.5615.121, setWindowRect: true, strictFileInteractability: false, timeouts: {implicit: 0, pageLoad: 300000, script: 30000}, unhandledPromptBehavior: dismiss and notify, webauthn:extension:credBlob: true, webauthn:extension:largeBlob: true, webauthn:extension:minPinLength: true, webauthn:extension:prf: true, webauthn:virtualAuthenticators: true}
Session ID: 921a8968285a2facb99151eeef29ed6c
at java.base/jdk.internal.reflect.NativeConstructorAccessorImpl.newInstance0(Native Method)
at java.base/jdk.internal.reflect.NativeConstructorAccessorImpl.newInstance(NativeConstructorAccessorImpl.java:77)
at java.base/jdk.internal.reflect.DelegatingConstructorAccessorImpl.newInstance(DelegatingConstructorAccessorImpl.java:45)
at java.base/java.lang.reflect.Constructor.newInstanceWithCaller(Constructor.java:499)
at java.base/java.lang.reflect.Constructor.newInstance(Constructor.java:480)
at org.openqa.selenium.remote.codec.w3c.W3CHttpResponseCodec.createException(W3CHttpResponseCodec.java:200)
at org.openqa.selenium.remote.codec.w3c.W3CHttpResponseCodec.decode(W3CHttpResponseCodec.java:133)
at org.openqa.selenium.remote.codec.w3c.W3CHttpResponseCodec.decode(W3CHttpResponseCodec.java:53)
at org.openqa.selenium.remote.HttpCommandExecutor.execute(HttpCommandExecutor.java:193)
at org.openqa.selenium.remote.service.DriverCommandExecutor.invokeExecute(DriverCommandExecutor.java:183)
at org.openqa.selenium.remote.service.DriverCommandExecutor.execute(DriverCommandExecutor.java:158)
at org.openqa.selenium.remote.RemoteWebDriver.execute(RemoteWebDriver.java:543)
at org.openqa.selenium.remote.RemoteWebDriver.get(RemoteWebDriver.java:297)
at org.openqa.selenium.remote.RemoteWebDriver$RemoteNavigation.to(RemoteWebDriver.java:982)
at sevenrmartSupermarket.Testscripts.ManageLocationTest.addNewLocationToManageLocation(ManageLocationTest.java:46)
at java.base/jdk.internal.reflect.NativeMethodAccessorImpl.invoke0(Native Method)
at java.base/jdk.internal.reflect.NativeMethodAccessorImpl.invoke(NativeMethodAccessorImpl.java:77)
at java.base/jdk.internal.reflect.DelegatingMethodAccessorImpl.invoke(DelegatingMethodAccessorImpl.java:43)
at java.base/java.lang.reflect.Method.invoke(Method.java:568)
at org.testng.internal.MethodInvocationHelper.invokeMethod(MethodInvocationHelper.java:133)
at org.testng.internal.TestInvoker.invokeMethod(TestInvoker.java:598)
at org.testng.internal.TestInvoker.invokeTestMethod(TestInvoker.java:173)
at org.testng.internal.MethodRunner.runInSequence(MethodRunner.java:46)
at org.testng.internal.TestInvoker$MethodInvocationAgent.invoke(TestInvoker.java:824)
at org.testng.internal.TestInvoker.invokeTestMethods(TestInvoker.java:146)
at org.testng.internal.TestMethodWorker.invokeTestMethods(TestMethodWorker.java:146)
at org.testng.internal.TestMethodWorker.run(TestMethodWorker.java:128)
at java.base/java.util.ArrayList.forEach(ArrayList.java:1511)
at org.testng.TestRunner.privateRun(TestRunner.java:794)
at org.testng.TestRunner.run(TestRunner.java:596)
at org.testng.SuiteRunner.runTest(SuiteRunner.java:377)
at org.testng.SuiteRunner.runSequentially(SuiteRunner.java:371)
at org.testng.SuiteRunner.privateRun(SuiteRunner.java:332)
at org.testng.SuiteRunner.run(SuiteRunner.java:276)
at org.testng.SuiteRunnerWorker.runSuite(SuiteRunnerWorker.java:53)
at org.testng.SuiteRunnerWorker.run(SuiteRunnerWorker.java:96)
at org.testng.TestNG.runSuitesSequentially(TestNG.java:1212)
at org.testng.TestNG.runSuitesLocally(TestNG.java:1134)
at org.testng.TestNG.runSuites(TestNG.java:1063)
at org.testng.TestNG.run(TestNG.java:1031)
at org.testng.remote.AbstractRemoteTestNG.run(AbstractRemoteTestNG.java:115)
at org.testng.remote.RemoteTestNG.initAndRun(RemoteTestNG.java:251)
at org.testng.remote.RemoteTestNG.main(RemoteTestNG.java:77)
]]>
            </full-stacktrace>
          </exception> <!-- org.openqa.selenium.InvalidArgumentException -->
          <reporter-output>
          </reporter-output>
        </test-method> <!-- addNewLocationToManageLocation -->
        <test-method is-config="true" signature="browserQuit(org.testng.ITestResult)[pri:0, instance:sevenrmartSupermarket.Testscripts.ManageLocationTest@f31c0c6]" started-at="2023-04-22T15:23:24 GST" name="browserQuit" finished-at="2023-04-22T15:23:25 GST" duration-ms="428" status="PASS">
          <params>
            <param index="0">
              <value>
                <![CDATA[[TestResult name=addNewLocationToManageLocation status=FAILURE method=ManageLocationTest.addNewLocationToManageLocation()[pri:1, instance:sevenrmartSupermarket.Testscripts.ManageLocationTest@f31c0c6] output={null}]]]>
              </value>
            </param>
          </params>
          <reporter-output>
          </reporter-output>
        </test-method> <!-- browserQuit -->
      </class> <!-- sevenrmartSupermarket.Testscripts.ManageLocationTest -->
      <class name="sevenrmartSupermarket.Testscripts.ManageSliderTest">
        <test-method is-config="true" signature="initilizeBrowser(java.lang.String)[pri:0, instance:sevenrmartSupermarket.Testscripts.ManageSliderTest@4a9419d7]" started-at="2023-04-22T15:23:36 GST" name="initilizeBrowser" finished-at="2023-04-22T15:23:44 GST" duration-ms="7406" status="PASS">
          <params>
            <param index="0">
              <value>
                <![CDATA[chrome]]>
              </value>
            </param>
          </params>
          <reporter-output>
          </reporter-output>
        </test-method> <!-- initilizeBrowser -->
        <test-method signature="addLinkToManageSlider()[pri:0, instance:sevenrmartSupermarket.Testscripts.ManageSliderTest@4a9419d7]" started-at="2023-04-22T15:23:44 GST" name="addLinkToManageSlider" finished-at="2023-04-22T15:23:53 GST" duration-ms="9136" status="PASS">
          <reporter-output>
          </reporter-output>
        </test-method> <!-- addLinkToManageSlider -->
        <test-method is-config="true" signature="browserQuit(org.testng.ITestResult)[pri:0, instance:sevenrmartSupermarket.Testscripts.ManageSliderTest@4a9419d7]" started-at="2023-04-22T15:23:53 GST" name="browserQuit" finished-at="2023-04-22T15:23:53 GST" duration-ms="283" status="PASS">
          <params>
            <param index="0">
              <value>
                <![CDATA[[TestResult name=addLinkToManageSlider status=SUCCESS method=ManageSliderTest.addLinkToManageSlider()[pri:0, instance:sevenrmartSupermarket.Testscripts.ManageSliderTest@4a9419d7] output={null}]]]>
              </value>
            </param>
          </params>
          <reporter-output>
          </reporter-output>
        </test-method> <!-- browserQuit -->
        <test-method is-config="true" signature="initilizeBrowser(java.lang.String)[pri:0, instance:sevenrmartSupermarket.Testscripts.ManageSliderTest@4a9419d7]" started-at="2023-04-22T15:23:53 GST" name="initilizeBrowser" finished-at="2023-04-22T15:24:00 GST" duration-ms="6375" status="PASS">
          <params>
            <param index="0">
              <value>
                <![CDATA[chrome]]>
              </value>
            </param>
          </params>
          <reporter-output>
          </reporter-output>
        </test-method> <!-- initilizeBrowser -->
        <test-method signature="deleteInListSliderPage()[pri:0, instance:sevenrmartSupermarket.Testscripts.ManageSliderTest@4a9419d7]" started-at="2023-04-22T15:24:00 GST" name="deleteInListSliderPage" finished-at="2023-04-22T15:24:04 GST" duration-ms="4398" status="PASS">
          <reporter-output>
          </reporter-output>
        </test-method> <!-- deleteInListSliderPage -->
        <test-method is-config="true" signature="browserQuit(org.testng.ITestResult)[pri:0, instance:sevenrmartSupermarket.Testscripts.ManageSliderTest@4a9419d7]" started-at="2023-04-22T15:24:04 GST" name="browserQuit" finished-at="2023-04-22T15:24:04 GST" duration-ms="373" status="PASS">
          <params>
            <param index="0">
              <value>
                <![CDATA[[TestResult name=deleteInListSliderPage status=SUCCESS method=ManageSliderTest.deleteInListSliderPage()[pri:0, instance:sevenrmartSupermarket.Testscripts.ManageSliderTest@4a9419d7] output={null}]]]>
              </value>
            </param>
          </params>
          <reporter-output>
          </reporter-output>
        </test-method> <!-- browserQuit -->
        <test-method is-config="true" signature="initilizeBrowser(java.lang.String)[pri:0, instance:sevenrmartSupermarket.Testscripts.ManageSliderTest@4a9419d7]" started-at="2023-04-22T15:24:04 GST" name="initilizeBrowser" finished-at="2023-04-22T15:24:09 GST" duration-ms="4159" status="PASS">
          <params>
            <param index="0">
              <value>
                <![CDATA[chrome]]>
              </value>
            </param>
          </params>
          <reporter-output>
          </reporter-output>
        </test-method> <!-- initilizeBrowser -->
        <test-method signature="veriftClickingHomeButtonFromListSliderPage()[pri:0, instance:sevenrmartSupermarket.Testscripts.ManageSliderTest@4a9419d7]" started-at="2023-04-22T15:24:09 GST" name="veriftClickingHomeButtonFromListSliderPage" finished-at="2023-04-22T15:24:14 GST" duration-ms="5255" status="PASS">
          <reporter-output>
          </reporter-output>
        </test-method> <!-- veriftClickingHomeButtonFromListSliderPage -->
        <test-method is-config="true" signature="browserQuit(org.testng.ITestResult)[pri:0, instance:sevenrmartSupermarket.Testscripts.ManageSliderTest@4a9419d7]" started-at="2023-04-22T15:24:14 GST" name="browserQuit" finished-at="2023-04-22T15:24:14 GST" duration-ms="407" status="PASS">
          <params>
            <param index="0">
              <value>
                <![CDATA[[TestResult name=veriftClickingHomeButtonFromListSliderPage status=SUCCESS method=ManageSliderTest.veriftClickingHomeButtonFromListSliderPage()[pri:0, instance:sevenrmartSupermarket.Testscripts.ManageSliderTest@4a9419d7] output={null}]]]>
              </value>
            </param>
          </params>
          <reporter-output>
          </reporter-output>
        </test-method> <!-- browserQuit -->
      </class> <!-- sevenrmartSupermarket.Testscripts.ManageSliderTest -->
      <class name="sevenrmartSupermarket.Testscripts.HomeTest">
        <test-method is-config="true" signature="initilizeBrowser(java.lang.String)[pri:0, instance:sevenrmartSupermarket.Testscripts.HomeTest@51768776]" started-at="2023-04-22T15:22:32 GST" name="initilizeBrowser" finished-at="2023-04-22T15:22:37 GST" duration-ms="4246" status="PASS">
          <params>
            <param index="0">
              <value>
                <![CDATA[chrome]]>
              </value>
            </param>
          </params>
          <reporter-output>
          </reporter-output>
        </test-method> <!-- initilizeBrowser -->
        <test-method signature="checkSiteNameIsDisplayedOnTop()[pri:0, instance:sevenrmartSupermarket.Testscripts.HomeTest@51768776]" started-at="2023-04-22T15:22:37 GST" name="checkSiteNameIsDisplayedOnTop" finished-at="2023-04-22T15:22:39 GST" duration-ms="1998" status="PASS">
          <reporter-output>
          </reporter-output>
        </test-method> <!-- checkSiteNameIsDisplayedOnTop -->
        <test-method is-config="true" signature="browserQuit(org.testng.ITestResult)[pri:0, instance:sevenrmartSupermarket.Testscripts.HomeTest@51768776]" started-at="2023-04-22T15:22:39 GST" name="browserQuit" finished-at="2023-04-22T15:22:39 GST" duration-ms="456" status="PASS">
          <params>
            <param index="0">
              <value>
                <![CDATA[[TestResult name=checkSiteNameIsDisplayedOnTop status=SUCCESS method=HomeTest.checkSiteNameIsDisplayedOnTop()[pri:0, instance:sevenrmartSupermarket.Testscripts.HomeTest@51768776] output={null}]]]>
              </value>
            </param>
          </params>
          <reporter-output>
          </reporter-output>
        </test-method> <!-- browserQuit -->
      </class> <!-- sevenrmartSupermarket.Testscripts.HomeTest -->
      <class name="sevenrmartSupermarket.Testscripts.PushNotificationTest">
        <test-method is-config="true" signature="initilizeBrowser(java.lang.String)[pri:0, instance:sevenrmartSupermarket.Testscripts.PushNotificationTest@b93aad]" started-at="2023-04-22T15:23:25 GST" name="initilizeBrowser" finished-at="2023-04-22T15:23:31 GST" duration-ms="6515" status="PASS">
          <params>
            <param index="0">
              <value>
                <![CDATA[chrome]]>
              </value>
            </param>
          </params>
          <reporter-output>
          </reporter-output>
        </test-method> <!-- initilizeBrowser -->
        <test-method signature="sentPushNotification()[pri:0, instance:sevenrmartSupermarket.Testscripts.PushNotificationTest@b93aad]" started-at="2023-04-22T15:23:31 GST" name="sentPushNotification" finished-at="2023-04-22T15:23:36 GST" duration-ms="4855" status="PASS">
          <reporter-output>
          </reporter-output>
        </test-method> <!-- sentPushNotification -->
        <test-method is-config="true" signature="browserQuit(org.testng.ITestResult)[pri:0, instance:sevenrmartSupermarket.Testscripts.PushNotificationTest@b93aad]" started-at="2023-04-22T15:23:36 GST" name="browserQuit" finished-at="2023-04-22T15:23:36 GST" duration-ms="439" status="PASS">
          <params>
            <param index="0">
              <value>
                <![CDATA[[TestResult name=sentPushNotification status=SUCCESS method=PushNotificationTest.sentPushNotification()[pri:0, instance:sevenrmartSupermarket.Testscripts.PushNotificationTest@b93aad] output={null}]]]>
              </value>
            </param>
          </params>
          <reporter-output>
          </reporter-output>
        </test-method> <!-- browserQuit -->
      </class> <!-- sevenrmartSupermarket.Testscripts.PushNotificationTest -->
    </test> <!-- Test -->
  </suite> <!-- Suite -->
</testng-results>
