<html>
<head>
<title>TestNG:  Test</title>
<link href="../testng.css" rel="stylesheet" type="text/css" />
<link href="../my-testng.css" rel="stylesheet" type="text/css" />

<style type="text/css">
.log { display: none;} 
.stack-trace { display: none;} 
</style>
<script type="text/javascript">
<!--
function flip(e) {
  current = e.style.display;
  if (current == 'block') {
    e.style.display = 'none';
    return 0;
  }
  else {
    e.style.display = 'block';
    return 1;
  }
}

function toggleBox(szDivId, elem, msg1, msg2)
{
  var res = -1;  if (document.getElementById) {
    res = flip(document.getElementById(szDivId));
  }
  else if (document.all) {
    // this is the way old msie versions work
    res = flip(document.all[szDivId]);
  }
  if(elem) {
    if(res == 0) elem.innerHTML = msg1; else elem.innerHTML = msg2;
  }

}

function toggleAllBoxes() {
  if (document.getElementsByTagName) {
    d = document.getElementsByTagName('div');
    for (i = 0; i < d.length; i++) {
      if (d[i].className == 'log') {
        flip(d[i]);
      }
    }
  }
}

// -->
</script>

</head>
<body>
<h2 align='center'>Test</h2><table border='1' align="center">
<tr>
<td>Tests passed/Failed/Skipped:</td><td>33/0/1</td>
</tr><tr>
<td>Started on:</td><td>Fri May 05 18:00:08 GST 2023</td>
</tr>
<tr><td>Total time:</td><td>473 seconds (473209 ms)</td>
</tr><tr>
<td>Included groups:</td><td></td>
</tr><tr>
<td>Excluded groups:</td><td></td>
</tr>
</table><p/>
<small><i>(Hover the method name to see the test class name)</i></small><p/>
<table width='100%' border='1' class='invocation-passed'>
<tr><td colspan='4' align='center'><b>PASSED TESTS</b></td></tr>
<tr><td><b>Test method</b></td>
<td width="30%"><b>Exception</b></td>
<td width="10%"><b>Time (seconds)</b></td>
<td><b>Instance</b></td>
</tr>
<tr>
<td title='sevenrmartSupermarket.Testscripts.ManageSliderTest.veriftHomePageIsDisplayed_ByClickingHomeButtonFromListSliderPage()'><b>veriftHomePageIsDisplayed_ByClickingHomeButtonFromListSliderPage</b><br>Test class: sevenrmartSupermarket.Testscripts.ManageSliderTest</td>
<td></td>
<td>3</td>
<td>sevenrmartSupermarket.Testscripts.ManageSliderTest@2d7275fc</td></tr>
<tr>
<td title='sevenrmartSupermarket.Testscripts.ManagePagesTest.verifyDuplicatePageAlertIsDisplayed_WhenExistingPageDetailsAreEnteredAfterClickingNewButton()'><b>verifyDuplicatePageAlertIsDisplayed_WhenExistingPageDetailsAreEnteredAfterClickingNewButton</b><br>Test class: sevenrmartSupermarket.Testscripts.ManagePagesTest</td>
<td></td>
<td>6</td>
<td>sevenrmartSupermarket.Testscripts.ManagePagesTest@5b8dfcc1</td></tr>
<tr>
<td title='sevenrmartSupermarket.Testscripts.ManagePagesTest.verifyUserIsAbleToViewListPageByClickingSearchAndEnteringTitle_andClickResetButton()'><b>verifyUserIsAbleToViewListPageByClickingSearchAndEnteringTitle_andClickResetButton</b><br>Test class: sevenrmartSupermarket.Testscripts.ManagePagesTest<br>Parameters: Papaw</td>
<td></td>
<td>2</td>
<td>sevenrmartSupermarket.Testscripts.ManagePagesTest@5b8dfcc1</td></tr>
<tr>
<td title='sevenrmartSupermarket.Testscripts.ManageSliderTest.verifyAlertIsDisplayed_WhenNewButtonIsClickedAnd_linkIsEnteredAndSaved()'><b>verifyAlertIsDisplayed_WhenNewButtonIsClickedAnd_linkIsEnteredAndSaved</b><br>Test class: sevenrmartSupermarket.Testscripts.ManageSliderTest</td>
<td></td>
<td>4</td>
<td>sevenrmartSupermarket.Testscripts.ManageSliderTest@2d7275fc</td></tr>
<tr>
<td title='sevenrmartSupermarket.Testscripts.PushNotificationTest.verifyAlertMessageIsDisplayedWhenPushNotificationIsSend_ByEnteringTitleAndDescriptionAndClickingSendButton()'><b>verifyAlertMessageIsDisplayedWhenPushNotificationIsSend_ByEnteringTitleAndDescriptionAndClickingSendButton</b><br>Test class: sevenrmartSupermarket.Testscripts.PushNotificationTest</td>
<td></td>
<td>4</td>
<td>sevenrmartSupermarket.Testscripts.PushNotificationTest@72967906</td></tr>
<tr>
<td title='sevenrmartSupermarket.Testscripts.ManagePaymentTest.verifyAlertIsDisplayedWhenStatusIsChanged_ByClickingStatusButtonOfDebitInTable()'><b>verifyAlertIsDisplayedWhenStatusIsChanged_ByClickingStatusButtonOfDebitInTable</b><br>Test class: sevenrmartSupermarket.Testscripts.ManagePaymentTest</td>
<td></td>
<td>5</td>
<td>sevenrmartSupermarket.Testscripts.ManagePaymentTest@2f9f7dcf</td></tr>
<tr>
<td title='sevenrmartSupermarket.Testscripts.ManageDeliveryBoyTest.verifyNewDeliveryBoyDetailsAreFoundInListDeliveryBoyTable_AfterAddingNewDeliveryBoyWithRequiredDetails()'><b>verifyNewDeliveryBoyDetailsAreFoundInListDeliveryBoyTable_AfterAddingNewDeliveryBoyWithRequiredDetails</b><br>Test class: sevenrmartSupermarket.Testscripts.ManageDeliveryBoyTest</td>
<td></td>
<td>6</td>
<td>sevenrmartSupermarket.Testscripts.ManageDeliveryBoyTest@747ddf94</td></tr>
<tr>
<td title='sevenrmartSupermarket.Testscripts.ManageLocationTest.verifySearchedLocationIsFoundInListLocationTableWhenLocationIsSearchedWithRequiredDetails()'><b>verifySearchedLocationIsFoundInListLocationTableWhenLocationIsSearchedWithRequiredDetails</b><br>Test class: sevenrmartSupermarket.Testscripts.ManageLocationTest</td>
<td></td>
<td>4</td>
<td>sevenrmartSupermarket.Testscripts.ManageLocationTest@35e2d654</td></tr>
<tr>
<td title='sevenrmartSupermarket.Testscripts.ManageOfferCodeTest.verifyAlertIsDisplayedUponAddingNewOfferCodeWithRequiredDetails()'><b>verifyAlertIsDisplayedUponAddingNewOfferCodeWithRequiredDetails</b><br>Test class: sevenrmartSupermarket.Testscripts.ManageOfferCodeTest</td>
<td></td>
<td>9</td>
<td>sevenrmartSupermarket.Testscripts.ManageOfferCodeTest@6cf0e0ba</td></tr>
<tr>
<td title='sevenrmartSupermarket.Testscripts.ManageSliderTest.verifyUserIsAbleToViewListSlidersPage_WhenCancelButtonIsClickedAfterEnteringLinkInLinkTextBox()'><b>verifyUserIsAbleToViewListSlidersPage_WhenCancelButtonIsClickedAfterEnteringLinkInLinkTextBox</b><br>Test class: sevenrmartSupermarket.Testscripts.ManageSliderTest</td>
<td></td>
<td>3</td>
<td>sevenrmartSupermarket.Testscripts.ManageSliderTest@2d7275fc</td></tr>
<tr>
<td title='sevenrmartSupermarket.Testscripts.ManagePaymentTest.verifyAlertIsDisplayedWhenDebitAmountIsUpdated_ByClickingDebitUpdateButtonChangingValueAndClickUpdateButton()'><b>verifyAlertIsDisplayedWhenDebitAmountIsUpdated_ByClickingDebitUpdateButtonChangingValueAndClickUpdateButton</b><br>Test class: sevenrmartSupermarket.Testscripts.ManagePaymentTest</td>
<td></td>
<td>6</td>
<td>sevenrmartSupermarket.Testscripts.ManagePaymentTest@2f9f7dcf</td></tr>
<tr>
<td title='sevenrmartSupermarket.Testscripts.ManageLocationTest.verifyListLocationPageIsDisplayedWhenCancelButtonIsClickedAfterEnteringSearchDetails()'><b>verifyListLocationPageIsDisplayedWhenCancelButtonIsClickedAfterEnteringSearchDetails</b><br>Test class: sevenrmartSupermarket.Testscripts.ManageLocationTest</td>
<td></td>
<td>6</td>
<td>sevenrmartSupermarket.Testscripts.ManageLocationTest@35e2d654</td></tr>
<tr>
<td title='sevenrmartSupermarket.Testscripts.ManageDeliveryBoyTest.verifyListDeliveryBoyPageIsDisplayedWhenCancelButtonIsClickedAfterEnteringNewDeliveryBoyName()'><b>verifyListDeliveryBoyPageIsDisplayedWhenCancelButtonIsClickedAfterEnteringNewDeliveryBoyName</b><br>Test class: sevenrmartSupermarket.Testscripts.ManageDeliveryBoyTest</td>
<td></td>
<td>5</td>
<td>sevenrmartSupermarket.Testscripts.ManageDeliveryBoyTest@747ddf94</td></tr>
<tr>
<td title='sevenrmartSupermarket.Testscripts.LoginTest.verifyHomepageIsDisplayedAfterClickingSiginButtonWithValidUsernameAndValidPassword()'><b>verifyHomepageIsDisplayedAfterClickingSiginButtonWithValidUsernameAndValidPassword</b><br>Test class: sevenrmartSupermarket.Testscripts.LoginTest<br>Parameters: admin, admin</td>
<td></td>
<td>2</td>
<td>sevenrmartSupermarket.Testscripts.LoginTest@55183b20</td></tr>
<tr>
<td title='sevenrmartSupermarket.Testscripts.ManageUsersTest.verifyUserIsAbleToGetTheSearchedUserInfoFromListUsersTable_ByClickingSearchButtonAndEnteringTheName()'><b>verifyUserIsAbleToGetTheSearchedUserInfoFromListUsersTable_ByClickingSearchButtonAndEnteringTheName</b><br>Test class: sevenrmartSupermarket.Testscripts.ManageUsersTest</td>
<td></td>
<td>2</td>
<td>sevenrmartSupermarket.Testscripts.ManageUsersTest@1a482e36</td></tr>
<tr>
<td title='sevenrmartSupermarket.Testscripts.ManagePagesTest.verifyCorrespondingPageTitleFromListPagesTableIsDisplayedByClickingSearchButtonAndEnteringTitleOfPage()'><b>verifyCorrespondingPageTitleFromListPagesTableIsDisplayedByClickingSearchButtonAndEnteringTitleOfPage</b><br>Test class: sevenrmartSupermarket.Testscripts.ManagePagesTest<br>Parameters: Papaw</td>
<td></td>
<td>3</td>
<td>sevenrmartSupermarket.Testscripts.ManagePagesTest@5b8dfcc1</td></tr>
<tr>
<td title='sevenrmartSupermarket.Testscripts.HomeTest.verifySiteNameDisplayedInHomePageIsSameAsExpectedByGettingSiteNameText()'><b>verifySiteNameDisplayedInHomePageIsSameAsExpectedByGettingSiteNameText</b><br>Test class: sevenrmartSupermarket.Testscripts.HomeTest</td>
<td></td>
<td>2</td>
<td>sevenrmartSupermarket.Testscripts.HomeTest@1bd4fdd</td></tr>
<tr>
<td title='sevenrmartSupermarket.Testscripts.ManagePagesTest.verifyAlertIsDisplayed_WhenUpdateButtonIsClickedAfterEnteringTheTitleToBeUpdated()'><b>verifyAlertIsDisplayed_WhenUpdateButtonIsClickedAfterEnteringTheTitleToBeUpdated</b><br>Test class: sevenrmartSupermarket.Testscripts.ManagePagesTest<br>Parameters: kite, color</td>
<td></td>
<td>3</td>
<td>sevenrmartSupermarket.Testscripts.ManagePagesTest@5b8dfcc1</td></tr>
<tr>
<td title='sevenrmartSupermarket.Testscripts.ManageOfferCodeTest.verifyAlertIsDisplayedOnEnteringOffercodeAndUpdatingOffercodeImage()'><b>verifyAlertIsDisplayedOnEnteringOffercodeAndUpdatingOffercodeImage</b><br>Test class: sevenrmartSupermarket.Testscripts.ManageOfferCodeTest</td>
<td></td>
<td>6</td>
<td>sevenrmartSupermarket.Testscripts.ManageOfferCodeTest@6cf0e0ba</td></tr>
<tr>
<td title='sevenrmartSupermarket.Testscripts.PushNotificationTest.verifyTitleBoxGetsClearedByClickingResetButtonAfterEnteringTheTitle()'><b>verifyTitleBoxGetsClearedByClickingResetButtonAfterEnteringTheTitle</b><br>Test class: sevenrmartSupermarket.Testscripts.PushNotificationTest</td>
<td></td>
<td>3</td>
<td>sevenrmartSupermarket.Testscripts.PushNotificationTest@72967906</td></tr>
<tr>
<td title='sevenrmartSupermarket.Testscripts.ManageOfferCodeTest.verifySearchedOfferCodeIsFoundInListOffercodeTableByEnteringtheOffercodeInSearchBox()'><b>verifySearchedOfferCodeIsFoundInListOffercodeTableByEnteringtheOffercodeInSearchBox</b><br>Test class: sevenrmartSupermarket.Testscripts.ManageOfferCodeTest<br>Parameters: TRYNEW20</td>
<td></td>
<td>5</td>
<td>sevenrmartSupermarket.Testscripts.ManageOfferCodeTest@6cf0e0ba</td></tr>
<tr>
<td title='sevenrmartSupermarket.Testscripts.ManageSliderTest.verifyAlertIsDisplayedByClickingNewButtonAndAddingLink_ClickChooseFileAndSaveToUploadImageInSlider()'><b>verifyAlertIsDisplayedByClickingNewButtonAndAddingLink_ClickChooseFileAndSaveToUploadImageInSlider</b><br>Test class: sevenrmartSupermarket.Testscripts.ManageSliderTest</td>
<td></td>
<td>3</td>
<td>sevenrmartSupermarket.Testscripts.ManageSliderTest@2d7275fc</td></tr>
<tr>
<td title='sevenrmartSupermarket.Testscripts.ManageLocationTest.verifyAleryIsDisplayedWhenNewButtonIsClickedToAddLocationInManageLocationListTableWithRequiredDetails()'><b>verifyAleryIsDisplayedWhenNewButtonIsClickedToAddLocationInManageLocationListTableWithRequiredDetails</b><br>Test class: sevenrmartSupermarket.Testscripts.ManageLocationTest</td>
<td></td>
<td>6</td>
<td>sevenrmartSupermarket.Testscripts.ManageLocationTest@35e2d654</td></tr>
<tr>
<td title='sevenrmartSupermarket.Testscripts.ManagePaymentTest.verifyUserIsRedirectToManagePaymentMethodsPage_ByClickingDebitUpdateButtonChangingValueAndclickingReset()'><b>verifyUserIsRedirectToManagePaymentMethodsPage_ByClickingDebitUpdateButtonChangingValueAndclickingReset</b><br>Test class: sevenrmartSupermarket.Testscripts.ManagePaymentTest</td>
<td></td>
<td>5</td>
<td>sevenrmartSupermarket.Testscripts.ManagePaymentTest@2f9f7dcf</td></tr>
<tr>
<td title='sevenrmartSupermarket.Testscripts.ManageSliderTest.verifyBackgroundcolorIsAsExpected_ByGettingCssValueOfNewButton()'><b>verifyBackgroundcolorIsAsExpected_ByGettingCssValueOfNewButton</b><br>Test class: sevenrmartSupermarket.Testscripts.ManageSliderTest</td>
<td></td>
<td>2</td>
<td>sevenrmartSupermarket.Testscripts.ManageSliderTest@2d7275fc</td></tr>
<tr>
<td title='sevenrmartSupermarket.Testscripts.HomeTest.verifyCopyRightMessageDisplayedAsFooterInHomePageByGettingFooterMessage()'><b>verifyCopyRightMessageDisplayedAsFooterInHomePageByGettingFooterMessage</b><br>Test class: sevenrmartSupermarket.Testscripts.HomeTest</td>
<td></td>
<td>1</td>
<td>sevenrmartSupermarket.Testscripts.HomeTest@1bd4fdd</td></tr>
<tr>
<td title='sevenrmartSupermarket.Testscripts.ManageUsersTest.verifyAlertIsDisplayed_WhenDeleteButtonIsClickedAfterSearchingAnUserFromListUsersTable()'><b>verifyAlertIsDisplayed_WhenDeleteButtonIsClickedAfterSearchingAnUserFromListUsersTable</b><br>Test class: sevenrmartSupermarket.Testscripts.ManageUsersTest</td>
<td></td>
<td>4</td>
<td>sevenrmartSupermarket.Testscripts.ManageUsersTest@1a482e36</td></tr>
<tr>
<td title='sevenrmartSupermarket.Testscripts.ManageOfferCodeTest.verifyAlertIsDispalyedWhenResetButtonIsClickedAfterEnteringOffercodeInSearchBox()'><b>verifyAlertIsDispalyedWhenResetButtonIsClickedAfterEnteringOffercodeInSearchBox</b><br>Test class: sevenrmartSupermarket.Testscripts.ManageOfferCodeTest<br>Parameters: TRYNEW20</td>
<td></td>
<td>4</td>
<td>sevenrmartSupermarket.Testscripts.ManageOfferCodeTest@6cf0e0ba</td></tr>
<tr>
<td title='sevenrmartSupermarket.Testscripts.ManageLocationTest.verifyListLocationPagesIsDisplayedWhenResetButtonIsClickedAfterEnteringSearchDetails()'><b>verifyListLocationPagesIsDisplayedWhenResetButtonIsClickedAfterEnteringSearchDetails</b><br>Test class: sevenrmartSupermarket.Testscripts.ManageLocationTest</td>
<td></td>
<td>6</td>
<td>sevenrmartSupermarket.Testscripts.ManageLocationTest@35e2d654</td></tr>
<tr>
<td title='sevenrmartSupermarket.Testscripts.ManageCategoryTest.verifyUserIsAbleToFindSearchedCategoryItemInListCategoryTableAfterSearching_aCategoryInSearchBox()'><b>verifyUserIsAbleToFindSearchedCategoryItemInListCategoryTableAfterSearching_aCategoryInSearchBox</b><br>Test class: sevenrmartSupermarket.Testscripts.ManageCategoryTest</td>
<td></td>
<td>11</td>
<td>sevenrmartSupermarket.Testscripts.ManageCategoryTest@4f83df68</td></tr>
<tr>
<td title='sevenrmartSupermarket.Testscripts.LoginTest.verifyLogInPageIsDisplayedAfterClickingLogoutButtonFromHomePage()'><b>verifyLogInPageIsDisplayedAfterClickingLogoutButtonFromHomePage</b><br>Test class: sevenrmartSupermarket.Testscripts.LoginTest</td>
<td></td>
<td>4</td>
<td>sevenrmartSupermarket.Testscripts.LoginTest@55183b20</td></tr>
<tr>
<td title='sevenrmartSupermarket.Testscripts.ManageUsersTest.verifyPasswordOfSearchedUserIsDisplayed_ByClickingPasswordViewButtonOfTheUserFromListUsersTable()'><b>verifyPasswordOfSearchedUserIsDisplayed_ByClickingPasswordViewButtonOfTheUserFromListUsersTable</b><br>Test class: sevenrmartSupermarket.Testscripts.ManageUsersTest</td>
<td></td>
<td>3</td>
<td>sevenrmartSupermarket.Testscripts.ManageUsersTest@1a482e36</td></tr>
<tr>
<td title='sevenrmartSupermarket.Testscripts.ManageCategoryTest.verifyListCategoryPageIsDisplayedWhenResetButtonIsClickedAfterEntering_aCategoryInSearchBox()'><b>verifyListCategoryPageIsDisplayedWhenResetButtonIsClickedAfterEntering_aCategoryInSearchBox</b><br>Test class: sevenrmartSupermarket.Testscripts.ManageCategoryTest</td>
<td></td>
<td>4</td>
<td>sevenrmartSupermarket.Testscripts.ManageCategoryTest@4f83df68</td></tr>
</table><p>
<table width='100%' border='1' class='invocation-skipped'>
<tr><td colspan='4' align='center'><b>SKIPPED TESTS</b></td></tr>
<tr><td><b>Test method</b></td>
<td width="30%"><b>Exception</b></td>
<td width="10%"><b>Time (seconds)</b></td>
<td><b>Instance</b></td>
</tr>
<tr>
<td title='sevenrmartSupermarket.Testscripts.ManageCategoryTest.verifyUserIsAbleToFindSearchedCategoryItemInListCategoryTableAfterSearching_aCategoryInSearchBox()'><b>verifyUserIsAbleToFindSearchedCategoryItemInListCategoryTableAfterSearching_aCategoryInSearchBox</b><br>Test class: sevenrmartSupermarket.Testscripts.ManageCategoryTest</td>
<td><div><pre>org.openqa.selenium.WebDriverException: disconnected: Unable to receive message from renderer
  (failed to check if window was closed: disconnected: not connected to DevTools)
  (Session info: chrome=112.0.5615.138)
Build info: version: &apos;4.8.3&apos;, revision: &apos;e5e76298c3&apos;
System info: os.name: &apos;Windows 10&apos;, os.arch: &apos;amd64&apos;, os.version: &apos;10.0&apos;, java.version: &apos;1.8.0_202&apos;
Driver info: org.openqa.selenium.chrome.ChromeDriver
Command: [1396ea6bc8626c07ad4e99519e72f14e, clickElement {id=f71f461e-0aa0-4ef5-9404-0344570572a2}]
Capabilities {acceptInsecureCerts: false, browserName: chrome, browserVersion: 112.0.5615.138, chrome: {chromedriverVersion: 112.0.5615.49 (bd2a7bcb881c..., userDataDir: C:\Users\PROJECTS\AppData\L...}, goog:chromeOptions: {debuggerAddress: localhost:49521}, networkConnectionEnabled: false, pageLoadStrategy: normal, platformName: WINDOWS, proxy: Proxy(), se:cdp: ws://localhost:49521/devtoo..., se:cdpVersion: 112.0.5615.138, setWindowRect: true, strictFileInteractability: false, timeouts: {implicit: 0, pageLoad: 300000, script: 30000}, unhandledPromptBehavior: dismiss and notify, webauthn:extension:credBlob: true, webauthn:extension:largeBlob: true, webauthn:extension:minPinLength: true, webauthn:extension:prf: true, webauthn:virtualAuthenticators: true}
Element: [[ChromeDriver: chrome on WINDOWS (1396ea6bc8626c07ad4e99519e72f14e)] -&gt; xpath: //button[@name=&apos;Search&apos;]]
Session ID: 1396ea6bc8626c07ad4e99519e72f14e
	at org.openqa.selenium.remote.codec.w3c.W3CHttpResponseCodec.createException(W3CHttpResponseCodec.java:200)
	at org.openqa.selenium.remote.codec.w3c.W3CHttpResponseCodec.decode(W3CHttpResponseCodec.java:133)
	at org.openqa.selenium.remote.codec.w3c.W3CHttpResponseCodec.decode(W3CHttpResponseCodec.java:53)
	at org.openqa.selenium.remote.HttpCommandExecutor.execute(HttpCommandExecutor.java:193)
	at org.openqa.selenium.remote.service.DriverCommandExecutor.invokeExecute(DriverCommandExecutor.java:183)
	at org.openqa.selenium.remote.service.DriverCommandExecutor.execute(DriverCommandExecutor.java:158)
	at org.openqa.selenium.remote.RemoteWebDriver.execute(RemoteWebDriver.java:543)
	at org.openqa.selenium.remote.RemoteWebElement.execute(RemoteWebElement.java:257)
	at org.openqa.selenium.remote.RemoteWebElement.click(RemoteWebElement.java:78)
	at org.openqa.selenium.support.pagefactory.internal.LocatingElementHandler.invoke(LocatingElementHandler.java:52)
	at com.sun.proxy.$Proxy21.click(Unknown Source)
	at Utilities.PageUtility.clickOnElement(PageUtility.java:56)
	at sevenrmartSupermarket.Pages.ManageCategoryPage.clickRedSearchButton(ManageCategoryPage.java:47)
	at sevenrmartSupermarket.Testscripts.ManageCategoryTest.verifyUserIsAbleToFindSearchedCategoryItemInListCategoryTableAfterSearching_aCategoryInSearchBox(ManageCategoryTest.java:27)
	at java.util.ArrayList.forEach(ArrayList.java:1257)
... Removed 34 stack frames</pre></div><a href='#' onClick='toggleBox("stack-trace1683528756", this, "Click to show all stack frames", "Click to hide stack frames")'>Click to show all stack frames</a>
<div class='stack-trace' id='stack-trace1683528756'><pre>org.openqa.selenium.WebDriverException: disconnected: Unable to receive message from renderer
  (failed to check if window was closed: disconnected: not connected to DevTools)
  (Session info: chrome=112.0.5615.138)
Build info: version: &apos;4.8.3&apos;, revision: &apos;e5e76298c3&apos;
System info: os.name: &apos;Windows 10&apos;, os.arch: &apos;amd64&apos;, os.version: &apos;10.0&apos;, java.version: &apos;1.8.0_202&apos;
Driver info: org.openqa.selenium.chrome.ChromeDriver
Command: [1396ea6bc8626c07ad4e99519e72f14e, clickElement {id=f71f461e-0aa0-4ef5-9404-0344570572a2}]
Capabilities {acceptInsecureCerts: false, browserName: chrome, browserVersion: 112.0.5615.138, chrome: {chromedriverVersion: 112.0.5615.49 (bd2a7bcb881c..., userDataDir: C:\Users\PROJECTS\AppData\L...}, goog:chromeOptions: {debuggerAddress: localhost:49521}, networkConnectionEnabled: false, pageLoadStrategy: normal, platformName: WINDOWS, proxy: Proxy(), se:cdp: ws://localhost:49521/devtoo..., se:cdpVersion: 112.0.5615.138, setWindowRect: true, strictFileInteractability: false, timeouts: {implicit: 0, pageLoad: 300000, script: 30000}, unhandledPromptBehavior: dismiss and notify, webauthn:extension:credBlob: true, webauthn:extension:largeBlob: true, webauthn:extension:minPinLength: true, webauthn:extension:prf: true, webauthn:virtualAuthenticators: true}
Element: [[ChromeDriver: chrome on WINDOWS (1396ea6bc8626c07ad4e99519e72f14e)] -&gt; xpath: //button[@name=&apos;Search&apos;]]
Session ID: 1396ea6bc8626c07ad4e99519e72f14e
	at sun.reflect.NativeConstructorAccessorImpl.newInstance0(Native Method)
	at sun.reflect.NativeConstructorAccessorImpl.newInstance(NativeConstructorAccessorImpl.java:62)
	at sun.reflect.DelegatingConstructorAccessorImpl.newInstance(DelegatingConstructorAccessorImpl.java:45)
	at java.lang.reflect.Constructor.newInstance(Constructor.java:423)
	at org.openqa.selenium.remote.codec.w3c.W3CHttpResponseCodec.createException(W3CHttpResponseCodec.java:200)
	at org.openqa.selenium.remote.codec.w3c.W3CHttpResponseCodec.decode(W3CHttpResponseCodec.java:133)
	at org.openqa.selenium.remote.codec.w3c.W3CHttpResponseCodec.decode(W3CHttpResponseCodec.java:53)
	at org.openqa.selenium.remote.HttpCommandExecutor.execute(HttpCommandExecutor.java:193)
	at org.openqa.selenium.remote.service.DriverCommandExecutor.invokeExecute(DriverCommandExecutor.java:183)
	at org.openqa.selenium.remote.service.DriverCommandExecutor.execute(DriverCommandExecutor.java:158)
	at org.openqa.selenium.remote.RemoteWebDriver.execute(RemoteWebDriver.java:543)
	at org.openqa.selenium.remote.RemoteWebElement.execute(RemoteWebElement.java:257)
	at org.openqa.selenium.remote.RemoteWebElement.click(RemoteWebElement.java:78)
	at sun.reflect.GeneratedMethodAccessor5.invoke(Unknown Source)
	at sun.reflect.DelegatingMethodAccessorImpl.invoke(DelegatingMethodAccessorImpl.java:43)
	at java.lang.reflect.Method.invoke(Method.java:498)
	at org.openqa.selenium.support.pagefactory.internal.LocatingElementHandler.invoke(LocatingElementHandler.java:52)
	at com.sun.proxy.$Proxy21.click(Unknown Source)
	at Utilities.PageUtility.clickOnElement(PageUtility.java:56)
	at sevenrmartSupermarket.Pages.ManageCategoryPage.clickRedSearchButton(ManageCategoryPage.java:47)
	at sevenrmartSupermarket.Testscripts.ManageCategoryTest.verifyUserIsAbleToFindSearchedCategoryItemInListCategoryTableAfterSearching_aCategoryInSearchBox(ManageCategoryTest.java:27)
	at sun.reflect.NativeMethodAccessorImpl.invoke0(Native Method)
	at sun.reflect.NativeMethodAccessorImpl.invoke(NativeMethodAccessorImpl.java:62)
	at sun.reflect.DelegatingMethodAccessorImpl.invoke(DelegatingMethodAccessorImpl.java:43)
	at java.lang.reflect.Method.invoke(Method.java:498)
	at org.testng.internal.invokers.MethodInvocationHelper.invokeMethod(MethodInvocationHelper.java:135)
	at org.testng.internal.invokers.TestInvoker.invokeMethod(TestInvoker.java:673)
	at org.testng.internal.invokers.TestInvoker.invokeTestMethod(TestInvoker.java:220)
	at org.testng.internal.invokers.MethodRunner.runInSequence(MethodRunner.java:50)
	at org.testng.internal.invokers.TestInvoker$MethodInvocationAgent.invoke(TestInvoker.java:945)
	at org.testng.internal.invokers.TestInvoker.invokeTestMethods(TestInvoker.java:193)
	at org.testng.internal.invokers.TestMethodWorker.invokeTestMethods(TestMethodWorker.java:146)
	at org.testng.internal.invokers.TestMethodWorker.run(TestMethodWorker.java:128)
	at java.util.ArrayList.forEach(ArrayList.java:1257)
	at org.testng.TestRunner.privateRun(TestRunner.java:808)
	at org.testng.TestRunner.run(TestRunner.java:603)
	at org.testng.SuiteRunner.runTest(SuiteRunner.java:429)
	at org.testng.SuiteRunner.runSequentially(SuiteRunner.java:423)
	at org.testng.SuiteRunner.privateRun(SuiteRunner.java:383)
	at org.testng.SuiteRunner.run(SuiteRunner.java:326)
	at org.testng.SuiteRunnerWorker.runSuite(SuiteRunnerWorker.java:52)
	at org.testng.SuiteRunnerWorker.run(SuiteRunnerWorker.java:95)
	at org.testng.TestNG.runSuitesSequentially(TestNG.java:1249)
	at org.testng.TestNG.runSuitesLocally(TestNG.java:1169)
	at org.testng.TestNG.runSuites(TestNG.java:1092)
	at org.testng.TestNG.run(TestNG.java:1060)
	at org.testng.remote.AbstractRemoteTestNG.run(AbstractRemoteTestNG.java:115)
	at org.testng.remote.RemoteTestNG.initAndRun(RemoteTestNG.java:251)
	at org.testng.remote.RemoteTestNG.main(RemoteTestNG.java:77)
</pre></div></td>
<td>14</td>
<td>sevenrmartSupermarket.Testscripts.ManageCategoryTest@4f83df68</td></tr>
</table><p>
</body>
</html>